0 info it worked if it ends with ok
1 verbose cli [ '/opt/node/bin/node', '/usr/local/bin/npm', 'run', 'server' ]
2 info using npm@3.10.10
3 info using node@v6.11.0
4 verbose run-script [ 'preserver', 'server', 'postserver' ]
5 info lifecycle react-simple-boilerplate@1.0.0~preserver: react-simple-boilerplate@1.0.0
6 silly lifecycle react-simple-boilerplate@1.0.0~preserver: no script for preserver, continuing
7 info lifecycle react-simple-boilerplate@1.0.0~server: react-simple-boilerplate@1.0.0
8 verbose lifecycle react-simple-boilerplate@1.0.0~server: unsafe-perm in lifecycle true
9 verbose lifecycle react-simple-boilerplate@1.0.0~server: PATH: /opt/node/lib/node_modules/npm/bin/node-gyp-bin:/workspace/react-workspace/react-simple-boilerplate/node_modules/.bin:/opt/node/bin:/opt/java/jdk1.8.0_121/bin:/opt/java/jdk1.8.0_121/jre/bin:/opt/java/jdk1.8.0_121/bin:/opt/java/jdk1.8.0_121/jre/bin:/usr/local/sbin:/usr/local/bin:/usr/sbin:/usr/bin:/sbin:/bin:/usr/games:/usr/local/games:/snap/bin:/snap/bin:/opt/node/bin:/opt/node/bin
10 verbose lifecycle react-simple-boilerplate@1.0.0~server: CWD: /workspace/react-workspace/react-simple-boilerplate
11 silly lifecycle react-simple-boilerplate@1.0.0~server: Args: [ '-c', 'node webpack.server.js' ]
12 silly lifecycle react-simple-boilerplate@1.0.0~server: Returned: code: 1  signal: null
13 info lifecycle react-simple-boilerplate@1.0.0~server: Failed to exec server script
14 verbose stack Error: react-simple-boilerplate@1.0.0 server: `node webpack.server.js`
14 verbose stack Exit status 1
14 verbose stack     at EventEmitter.<anonymous> (/opt/node/lib/node_modules/npm/lib/utils/lifecycle.js:255:16)
14 verbose stack     at emitTwo (events.js:106:13)
14 verbose stack     at EventEmitter.emit (events.js:191:7)
14 verbose stack     at ChildProcess.<anonymous> (/opt/node/lib/node_modules/npm/lib/utils/spawn.js:40:14)
14 verbose stack     at emitTwo (events.js:106:13)
14 verbose stack     at ChildProcess.emit (events.js:191:7)
14 verbose stack     at maybeClose (internal/child_process.js:891:16)
14 verbose stack     at Process.ChildProcess._handle.onexit (internal/child_process.js:226:5)
15 verbose pkgid react-simple-boilerplate@1.0.0
16 verbose cwd /workspace/react-workspace/react-simple-boilerplate
17 error Linux 4.4.0-104-generic
18 error argv "/opt/node/bin/node" "/usr/local/bin/npm" "run" "server"
19 error node v6.11.0
20 error npm  v3.10.10
21 error code ELIFECYCLE
22 error react-simple-boilerplate@1.0.0 server: `node webpack.server.js`
22 error Exit status 1
23 error Failed at the react-simple-boilerplate@1.0.0 server script 'node webpack.server.js'.
23 error Make sure you have the latest version of node.js and npm installed.
23 error If you do, this is most likely a problem with the react-simple-boilerplate package,
23 error not with npm itself.
23 error Tell the author that this fails on your system:
23 error     node webpack.server.js
23 error You can get information on how to open an issue for this project with:
23 error     npm bugs react-simple-boilerplate
23 error Or if that isn't available, you can get their info via:
23 error     npm owner ls react-simple-boilerplate
23 error There is likely additional logging output above.
24 verbose exit [ 1, true ]
